2025-05-24T00:06:01.204+08:00 [DEBU] {02da037e9e334218b714493c6e94f200} [ 18 ms] [default] [shop] [rows:23 ] SHOW TABLES
2025-05-24T00:06:01.209+08:00 [DEBU] {02da037e9e334218b714493c6e94f200} [  4 ms] [default] [shop] [rows:8  ] SHOW FULL COLUMNS FROM `admin_info`
2025-05-24T00:06:01.217+08:00 [DEBU] {02da037e9e334218b714493c6e94f200} [  8 ms] [default] [shop] [rows:1  ] SELECT `id`,`name`,`password`,`role_ids`,`created_at`,`updated_at`,`user_salt`,`is_admin` FROM `admin_info` WHERE `name`='zhangsan' LIMIT 1
2025-05-24T00:07:30.672+08:00 [DEBU] {68895b53b3334218dd0e800de33ae659} [  8 ms] [default] [shop] [rows:8  ] SHOW FULL COLUMNS FROM `admin_info`
2025-05-24T00:07:30.694+08:00 [DEBU] {68895b53b3334218dd0e800de33ae659} [ 21 ms] [default] [shop] [rows:1  ] INSERT INTO `admin_info`(`name`,`password`,`role_ids`,`created_at`,`updated_at`,`user_salt`) VALUES('hh','2a88493c8d27244a4490ab26f0b1a4c4','2','2025-05-24 00:07:30','2025-05-24 00:07:30','Qo3Th1xLKM') 
2025-05-24T00:09:08.637+08:00 [DEBU] {e9d4a422ca334218a7a33b2933ef77ee} [  6 ms] [default] [shop] [rows:23 ] SHOW TABLES
2025-05-24T00:09:08.640+08:00 [DEBU] {e9d4a422ca334218a7a33b2933ef77ee} [  3 ms] [default] [shop] [rows:8  ] SHOW FULL COLUMNS FROM `admin_info`
2025-05-24T00:09:08.642+08:00 [DEBU] {e9d4a422ca334218a7a33b2933ef77ee} [  2 ms] [default] [shop] [rows:1  ] SELECT `id`,`name`,`password`,`role_ids`,`created_at`,`updated_at`,`user_salt`,`is_admin` FROM `admin_info` WHERE `name`='hh' LIMIT 1
2025-05-24T00:11:37.536+08:00 [DEBU] {9274dacdec3342182b48113ec66696d6} [  4 ms] [default] [shop] [rows:23 ] SHOW TABLES
2025-05-24T00:11:37.539+08:00 [DEBU] {9274dacdec3342182b48113ec66696d6} [  3 ms] [default] [shop] [rows:8  ] SHOW FULL COLUMNS FROM `admin_info`
2025-05-24T00:11:37.541+08:00 [DEBU] {9274dacdec3342182b48113ec66696d6} [  2 ms] [default] [shop] [rows:1  ] SELECT `id`,`name`,`password`,`role_ids`,`created_at`,`updated_at`,`user_salt`,`is_admin` FROM `admin_info` WHERE `name`='hh' LIMIT 1
2025-05-24T00:12:06.007+08:00 [DEBU] {0585846ef33342181807274a68effe95} [  8 ms] [default] [shop] [rows:23 ] SHOW TABLES
2025-05-24T00:12:06.009+08:00 [DEBU] {0585846ef33342181807274a68effe95} [  2 ms] [default] [shop] [rows:8  ] SHOW FULL COLUMNS FROM `admin_info`
2025-05-24T00:12:06.011+08:00 [DEBU] {0585846ef33342181807274a68effe95} [  1 ms] [default] [shop] [rows:1  ] SELECT `id`,`name`,`password`,`role_ids`,`created_at`,`updated_at`,`user_salt`,`is_admin` FROM `admin_info` WHERE `name`='hh' LIMIT 1
2025-05-24T00:14:56.082+08:00 [DEBU] {5efab3071b3442189c579d74950e6f7a} [ 10 ms] [default] [shop] [rows:8  ] SHOW FULL COLUMNS FROM `admin_info`
2025-05-24T00:14:56.086+08:00 [DEBU] {5efab3071b3442189c579d74950e6f7a} [  3 ms] [default] [shop] [rows:1  ] INSERT INTO `admin_info`(`name`,`password`,`role_ids`,`created_at`,`updated_at`,`user_salt`) VALUES('hh','88eef295ca8d5a960fa03ff49626e212','2','2025-05-24 00:14:56','2025-05-24 00:14:56','tSCnJICPtr') 
2025-05-24T00:15:13.810+08:00 [DEBU] {5568e9281f3442189d579d742e8b1bdc} [  1 ms] [default] [shop] [rows:23 ] SHOW TABLES
2025-05-24T00:15:13.811+08:00 [DEBU] {5568e9281f3442189d579d742e8b1bdc} [  1 ms] [default] [shop] [rows:1  ] SELECT `id`,`name`,`password`,`role_ids`,`created_at`,`updated_at`,`user_salt`,`is_admin` FROM `admin_info` WHERE `name`='hh' LIMIT 1
2025-05-24T00:17:20.703+08:00 [DEBU] {09b93ab43c344218cb9b966e723878e3} [  3 ms] [default] [shop] [rows:23 ] SHOW TABLES
2025-05-24T00:17:20.705+08:00 [DEBU] {09b93ab43c344218cb9b966e723878e3} [  2 ms] [default] [shop] [rows:8  ] SHOW FULL COLUMNS FROM `admin_info`
2025-05-24T00:17:20.707+08:00 [DEBU] {09b93ab43c344218cb9b966e723878e3} [  2 ms] [default] [shop] [rows:1  ] SELECT `id`,`name`,`password`,`role_ids`,`created_at`,`updated_at`,`user_salt`,`is_admin` FROM `admin_info` WHERE `name`='hh' LIMIT 1
2025-05-24T00:17:53.594+08:00 [DEBU] {639ecf5b44344218cd9b966e897af3f5} [ 18 ms] [default] [shop] [rows:1  ] SELECT `id`,`name`,`password`,`role_ids`,`created_at`,`updated_at`,`user_salt`,`is_admin` FROM `admin_info` WHERE `name`='hh' LIMIT 1
2025-05-24T00:17:57.822+08:00 [DEBU] {3959dd5845344218ce9b966e055542c8} [  1 ms] [default] [shop] [rows:1  ] SELECT `id`,`name`,`password`,`role_ids`,`created_at`,`updated_at`,`user_salt`,`is_admin` FROM `admin_info` WHERE `name`='hh' LIMIT 1
2025-05-24T00:17:59.918+08:00 [DEBU] {e161c6d545344218cf9b966e90aa4fec} [  1 ms] [default] [shop] [rows:1  ] SELECT `id`,`name`,`password`,`role_ids`,`created_at`,`updated_at`,`user_salt`,`is_admin` FROM `admin_info` WHERE `name`='hh' LIMIT 1
2025-05-24T00:21:09.007+08:00 [DEBU] {32d2e9db713442189148626f55101e13} [  8 ms] [default] [shop] [rows:23 ] SHOW TABLES
2025-05-24T00:21:09.010+08:00 [DEBU] {32d2e9db713442189148626f55101e13} [  2 ms] [default] [shop] [rows:8  ] SHOW FULL COLUMNS FROM `admin_info`
2025-05-24T00:21:09.012+08:00 [DEBU] {32d2e9db713442189148626f55101e13} [  2 ms] [default] [shop] [rows:1  ] SELECT `id`,`name`,`password`,`role_ids`,`created_at`,`updated_at`,`user_salt`,`is_admin` FROM `admin_info` WHERE `name`='hh' LIMIT 1
2025-05-24T00:25:53.203+08:00 [DEBU] {552d8307b43442189448626f24b9ce39} [  5 ms] [default] [shop] [rows:1  ] SELECT `id`,`name`,`password`,`role_ids`,`created_at`,`updated_at`,`user_salt`,`is_admin` FROM `admin_info` WHERE `name`='hh' LIMIT 1
2025-05-24T00:25:54.703+08:00 [DEBU] {0f362461b43442189548626f2b8e857f} [  2 ms] [default] [shop] [rows:1  ] SELECT `id`,`name`,`password`,`role_ids`,`created_at`,`updated_at`,`user_salt`,`is_admin` FROM `admin_info` WHERE `name`='hh' LIMIT 1
2025-05-24T00:25:55.832+08:00 [DEBU] {1bb878a4b43442189648626ff0ffba9e} [  1 ms] [default] [shop] [rows:1  ] SELECT `id`,`name`,`password`,`role_ids`,`created_at`,`updated_at`,`user_salt`,`is_admin` FROM `admin_info` WHERE `name`='hh' LIMIT 1
2025-05-24T00:28:13.656+08:00 [DEBU] {c409e1bad43442189748626f4181d668} [ 10 ms] [default] [shop] [rows:1  ] SELECT `id`,`name`,`password`,`role_ids`,`created_at`,`updated_at`,`user_salt`,`is_admin` FROM `admin_info` WHERE `name`='hh' LIMIT 1
2025-05-24T00:28:26.487+08:00 [DEBU] {ae52c5b7d7344218da03e25725f51ab3} [  8 ms] [default] [shop] [rows:23 ] SHOW TABLES
2025-05-24T00:28:26.488+08:00 [DEBU] {ae52c5b7d7344218da03e25725f51ab3} [  0 ms] [default] [shop] [rows:8  ] SHOW FULL COLUMNS FROM `admin_info`
2025-05-24T00:28:26.490+08:00 [DEBU] {ae52c5b7d7344218da03e25725f51ab3} [  1 ms] [default] [shop] [rows:1  ] SELECT `id`,`name`,`password`,`role_ids`,`created_at`,`updated_at`,`user_salt`,`is_admin` FROM `admin_info` WHERE `name`='hh' LIMIT 1
2025-05-24T00:29:41.356+08:00 [DEBU] {ccb46e26e934421844f1fa058bc416cb} [  6 ms] [default] [shop] [rows:23 ] SHOW TABLES
2025-05-24T00:29:41.357+08:00 [DEBU] {ccb46e26e934421844f1fa058bc416cb} [  1 ms] [default] [shop] [rows:8  ] SHOW FULL COLUMNS FROM `admin_info`
2025-05-24T00:29:41.358+08:00 [DEBU] {ccb46e26e934421844f1fa058bc416cb} [  0 ms] [default] [shop] [rows:1  ] SELECT `id`,`name`,`password`,`role_ids`,`created_at`,`updated_at`,`user_salt`,`is_admin` FROM `admin_info` WHERE `name`='hh' LIMIT 1
2025-05-24T00:32:34.648+08:00 [DEBU] {a892677f11354218f5a13003599bd8c3} [  6 ms] [default] [shop] [rows:23 ] SHOW TABLES
2025-05-24T00:32:34.649+08:00 [DEBU] {a892677f11354218f5a13003599bd8c3} [  1 ms] [default] [shop] [rows:8  ] SHOW FULL COLUMNS FROM `admin_info`
2025-05-24T00:32:34.651+08:00 [DEBU] {a892677f11354218f5a13003599bd8c3} [  1 ms] [default] [shop] [rows:1  ] SELECT `id`,`name`,`password`,`role_ids`,`created_at`,`updated_at`,`user_salt`,`is_admin` FROM `admin_info` WHERE `name`='hh' LIMIT 1
2025-05-24T00:35:37.488+08:00 [DEBU] {ed1f51113c3542182879cf400a2dbfdd} [ 10 ms] [default] [shop] [rows:23 ] SHOW TABLES
2025-05-24T00:35:37.490+08:00 [DEBU] {ed1f51113c3542182879cf400a2dbfdd} [  1 ms] [default] [shop] [rows:8  ] SHOW FULL COLUMNS FROM `admin_info`
2025-05-24T00:35:37.491+08:00 [DEBU] {ed1f51113c3542182879cf400a2dbfdd} [  1 ms] [default] [shop] [rows:1  ] SELECT `id`,`name`,`password`,`role_ids`,`created_at`,`updated_at`,`user_salt`,`is_admin` FROM `admin_info` WHERE `name`='hh' LIMIT 1
2025-05-24T00:37:27.704+08:00 [DEBU] {c947b0ba55354218e024e17cf67f8c63} [ 10 ms] [default] [shop] [rows:23 ] SHOW TABLES
2025-05-24T00:37:27.708+08:00 [DEBU] {c947b0ba55354218e024e17cf67f8c63} [  3 ms] [default] [shop] [rows:8  ] SHOW FULL COLUMNS FROM `admin_info`
2025-05-24T00:37:27.710+08:00 [DEBU] {c947b0ba55354218e024e17cf67f8c63} [  2 ms] [default] [shop] [rows:1  ] SELECT `id`,`name`,`password`,`role_ids`,`created_at`,`updated_at`,`user_salt`,`is_admin` FROM `admin_info` WHERE `name`='hh' LIMIT 1
2025-05-24T00:39:05.951+08:00 [DEBU] {3ba5029b6c3542185d8af125fdfb061d} [  4 ms] [default] [shop] [rows:23 ] SHOW TABLES
2025-05-24T00:39:05.952+08:00 [DEBU] {3ba5029b6c3542185d8af125fdfb061d} [  1 ms] [default] [shop] [rows:8  ] SHOW FULL COLUMNS FROM `admin_info`
2025-05-24T00:39:05.954+08:00 [DEBU] {3ba5029b6c3542185d8af125fdfb061d} [  2 ms] [default] [shop] [rows:1  ] SELECT `id`,`name`,`password`,`role_ids`,`created_at`,`updated_at`,`user_salt`,`is_admin` FROM `admin_info` WHERE `name`='hh' LIMIT 1
2025-05-24T00:41:30.266+08:00 [DEBU] {39a974348e35421817eeb53c80f1b895} [ 11 ms] [default] [shop] [rows:23 ] SHOW TABLES
2025-05-24T00:41:30.267+08:00 [DEBU] {39a974348e35421817eeb53c80f1b895} [  1 ms] [default] [shop] [rows:8  ] SHOW FULL COLUMNS FROM `admin_info`
2025-05-24T00:41:30.268+08:00 [DEBU] {39a974348e35421817eeb53c80f1b895} [  1 ms] [default] [shop] [rows:1  ] SELECT `id`,`name`,`password`,`role_ids`,`created_at`,`updated_at`,`user_salt`,`is_admin` FROM `admin_info` WHERE `name`='hh' LIMIT 1
2025-05-24T00:41:39.972+08:00 [DEBU] {59b760779035421818eeb53c75f3b2c8} [  4 ms] [default] [shop] [rows:1  ] SELECT COUNT(1) FROM `admin_info`
2025-05-24T00:41:39.973+08:00 [DEBU] {59b760779035421818eeb53c75f3b2c8} [  1 ms] [default] [shop] [rows:4  ] SELECT `id`,`name`,`role_ids`,`is_admin`,`created_at`,`updated_at` FROM `admin_info` LIMIT 0,10
2025-05-24T01:13:34.304+08:00 [DEBU] {a55a332e4e374218fdd1815f25d27d8e} [  8 ms] [default] [shop] [rows:23 ] SHOW TABLES
2025-05-24T01:13:34.306+08:00 [DEBU] {a55a332e4e374218fdd1815f25d27d8e} [  2 ms] [default] [shop] [rows:8  ] SHOW FULL COLUMNS FROM `admin_info`
2025-05-24T01:13:34.308+08:00 [DEBU] {a55a332e4e374218fdd1815f25d27d8e} [  2 ms] [default] [shop] [rows:1  ] SELECT `id`,`name`,`password`,`role_ids`,`created_at`,`updated_at`,`user_salt`,`is_admin` FROM `admin_info` WHERE `name`='hh' LIMIT 1
2025-05-24T01:13:52.622+08:00 [DEBU] {32731a7252374218fed1815fb85e6c3e} [  1 ms] [default] [shop] [rows:1  ] SELECT COUNT(1) FROM `admin_info`
2025-05-24T01:13:52.625+08:00 [DEBU] {32731a7252374218fed1815fb85e6c3e} [  2 ms] [default] [shop] [rows:4  ] SELECT `id`,`name`,`role_ids`,`is_admin`,`created_at`,`updated_at` FROM `admin_info` LIMIT 0,10
2025-05-24T01:17:17.446+08:00 [DEBU] {f235632282374218f2c9e8606ac6d778} [  7 ms] [default] [shop] [rows:8  ] SHOW FULL COLUMNS FROM `admin_info`
2025-05-24T01:17:17.447+08:00 [DEBU] {f235632282374218f2c9e8606ac6d778} [  1 ms] [default] [shop] [rows:1  ] SELECT COUNT(1) FROM `admin_info`
2025-05-24T01:17:17.448+08:00 [DEBU] {f235632282374218f2c9e8606ac6d778} [  0 ms] [default] [shop] [rows:23 ] SHOW TABLES
2025-05-24T01:17:17.449+08:00 [DEBU] {f235632282374218f2c9e8606ac6d778} [  1 ms] [default] [shop] [rows:4  ] SELECT `id`,`name`,`role_ids`,`is_admin`,`created_at`,`updated_at` FROM `admin_info` LIMIT 0,10
